<?xml version="1.0" encoding="UTF-8"?>
<!-- Generated by org.testng.reporters.JUnitReportReporter -->
<testsuite skipped="0" hostname="DESKTOP-L9KBNQS" name="qaclickacademy.SeleniumTest" tests="2" failures="0" timestamp="01 may 2020 01:10:14 GMT" time="0.003" errors="0">
  <testcase name="elemntsUI" time="0.002" classname="qaclickacademy.SeleniumTest"/>
  <testcase name="BrowserAutomation" time="0.001" classname="qaclickacademy.SeleniumTest"/>
</testsuite> <!-- qaclickacademy.SeleniumTest -->
