<?xml version="1.0" encoding="UTF-8"?>
<!-- Generated by org.testng.reporters.JUnitReportReporter -->
<testsuite skipped="0" hostname="DESKTOP-L9KBNQS" name="qaclickacademy.APITest" tests="2" failures="0" timestamp="01 may 2020 01:10:14 GMT" time="0.014" errors="0">
  <testcase name="postJira" time="0.001" classname="qaclickacademy.APITest"/>
  <testcase name="deleteTwiter" time="0.013" classname="qaclickacademy.APITest"/>
</testsuite> <!-- qaclickacademy.APITest -->
